2021-02-17 00:08:59,027 CRIT Supervisor is running as root.  Privileges were not dropped because no user is specified in the config file.  If you intend to run as root, you can set user=root in the config file to avoid this message.
2021-02-17 00:08:59,116 INFO supervisord started with pid 1
2021-02-17 00:09:00,193 INFO spawned: 'nginx' with pid 9
2021-02-17 00:09:00,371 INFO spawned: 'php-fpm' with pid 11
2021-02-17 00:09:01,606 INFO success: nginx entered RUNNING state, process has stayed up for > than 1 seconds (startsecs)
2021-02-17 00:09:01,616 INFO success: php-fpm entered RUNNING state, process has stayed up for > than 1 seconds (startsecs)
2021-02-17 00:12:08,254 WARN received SIGQUIT indicating exit request
2021-02-17 00:12:08,255 INFO waiting for nginx, php-fpm to die
2021-02-17 00:12:08,457 INFO stopped: php-fpm (exit status 0)
2021-02-17 00:12:08,472 INFO stopped: nginx (exit status 0)
2021-02-17 00:12:11,768 CRIT Supervisor is running as root.  Privileges were not dropped because no user is specified in the config file.  If you intend to run as root, you can set user=root in the config file to avoid this message.
2021-02-17 00:12:11,776 INFO supervisord started with pid 1
2021-02-17 00:12:12,779 INFO spawned: 'nginx' with pid 9
2021-02-17 00:12:12,783 INFO spawned: 'php-fpm' with pid 10
2021-02-17 00:12:13,939 INFO success: nginx entered RUNNING state, process has stayed up for > than 1 seconds (startsecs)
2021-02-17 00:12:13,941 INFO success: php-fpm entered RUNNING state, process has stayed up for > than 1 seconds (startsecs)
2021-02-17 00:25:40,425 WARN received SIGQUIT indicating exit request
2021-02-17 00:25:40,489 INFO waiting for nginx, php-fpm to die
2021-02-17 00:25:41,594 INFO stopped: php-fpm (exit status 0)
2021-02-17 00:25:41,610 INFO stopped: nginx (exit status 0)
2021-02-17 00:27:19,057 CRIT Supervisor is running as root.  Privileges were not dropped because no user is specified in the config file.  If you intend to run as root, you can set user=root in the config file to avoid this message.
2021-02-17 00:27:19,109 INFO supervisord started with pid 1
2021-02-17 00:27:20,111 INFO spawned: 'nginx' with pid 11
2021-02-17 00:27:20,115 INFO spawned: 'php-fpm' with pid 12
2021-02-17 00:27:21,119 INFO success: nginx entered RUNNING state, process has stayed up for > than 1 seconds (startsecs)
2021-02-17 00:27:21,119 INFO success: php-fpm entered RUNNING state, process has stayed up for > than 1 seconds (startsecs)
2021-02-17 00:41:34,090 WARN received SIGQUIT indicating exit request
2021-02-17 00:41:34,110 INFO waiting for nginx, php-fpm to die
2021-02-17 00:41:34,833 INFO stopped: php-fpm (exit status 0)
2021-02-17 00:41:34,906 INFO stopped: nginx (exit status 0)
2021-02-17 00:41:40,215 CRIT Supervisor is running as root.  Privileges were not dropped because no user is specified in the config file.  If you intend to run as root, you can set user=root in the config file to avoid this message.
2021-02-17 00:41:40,237 INFO supervisord started with pid 1
2021-02-17 00:41:41,240 INFO spawned: 'nginx' with pid 10
2021-02-17 00:41:41,242 INFO spawned: 'php-fpm' with pid 11
2021-02-17 00:41:42,362 INFO success: nginx entered RUNNING state, process has stayed up for > than 1 seconds (startsecs)
2021-02-17 00:41:42,363 INFO success: php-fpm entered RUNNING state, process has stayed up for > than 1 seconds (startsecs)
2021-02-17 00:48:32,466 WARN received SIGQUIT indicating exit request
2021-02-17 00:48:32,471 INFO waiting for nginx, php-fpm to die
2021-02-17 00:48:32,637 INFO stopped: php-fpm (exit status 0)
2021-02-17 00:48:32,656 INFO stopped: nginx (exit status 0)
2021-02-17 00:48:35,758 CRIT Supervisor is running as root.  Privileges were not dropped because no user is specified in the config file.  If you intend to run as root, you can set user=root in the config file to avoid this message.
2021-02-17 00:48:35,765 INFO supervisord started with pid 1
2021-02-17 00:48:36,768 INFO spawned: 'nginx' with pid 11
2021-02-17 00:48:36,771 INFO spawned: 'php-fpm' with pid 12
2021-02-17 00:48:37,851 INFO success: nginx entered RUNNING state, process has stayed up for > than 1 seconds (startsecs)
2021-02-17 00:48:37,852 INFO success: php-fpm entered RUNNING state, process has stayed up for > than 1 seconds (startsecs)
2021-02-17 00:54:33,369 WARN received SIGQUIT indicating exit request
2021-02-17 00:54:33,415 INFO waiting for nginx, php-fpm to die
2021-02-17 00:54:34,035 INFO stopped: php-fpm (exit status 0)
2021-02-17 00:54:34,077 INFO stopped: nginx (exit status 0)
2021-02-17 00:54:41,169 CRIT Supervisor is running as root.  Privileges were not dropped because no user is specified in the config file.  If you intend to run as root, you can set user=root in the config file to avoid this message.
2021-02-17 00:54:41,191 INFO supervisord started with pid 1
2021-02-17 00:54:42,209 INFO spawned: 'nginx' with pid 9
2021-02-17 00:54:42,234 INFO spawned: 'php-fpm' with pid 10
2021-02-17 00:54:43,934 INFO success: nginx entered RUNNING state, process has stayed up for > than 1 seconds (startsecs)
2021-02-17 00:54:43,947 INFO success: php-fpm entered RUNNING state, process has stayed up for > than 1 seconds (startsecs)
2021-02-17 01:05:17,023 WARN received SIGQUIT indicating exit request
2021-02-17 01:05:17,030 INFO waiting for nginx, php-fpm to die
2021-02-17 01:05:17,234 INFO stopped: php-fpm (exit status 0)
2021-02-17 01:05:17,246 INFO stopped: nginx (exit status 0)
2021-02-17 01:05:21,823 CRIT Supervisor is running as root.  Privileges were not dropped because no user is specified in the config file.  If you intend to run as root, you can set user=root in the config file to avoid this message.
2021-02-17 01:05:21,830 INFO supervisord started with pid 1
2021-02-17 01:05:22,833 INFO spawned: 'nginx' with pid 10
2021-02-17 01:05:22,835 INFO spawned: 'php-fpm' with pid 11
2021-02-17 01:05:24,714 INFO success: nginx entered RUNNING state, process has stayed up for > than 1 seconds (startsecs)
2021-02-17 01:05:24,715 INFO success: php-fpm entered RUNNING state, process has stayed up for > than 1 seconds (startsecs)
2021-02-17 01:09:51,087 WARN received SIGQUIT indicating exit request
2021-02-17 01:09:51,095 INFO waiting for nginx, php-fpm to die
2021-02-17 01:09:51,203 INFO stopped: php-fpm (exit status 0)
2021-02-17 01:09:51,231 INFO stopped: nginx (exit status 0)
2021-02-17 01:09:54,067 CRIT Supervisor is running as root.  Privileges were not dropped because no user is specified in the config file.  If you intend to run as root, you can set user=root in the config file to avoid this message.
2021-02-17 01:09:54,073 INFO supervisord started with pid 1
2021-02-17 01:09:55,076 INFO spawned: 'nginx' with pid 10
2021-02-17 01:09:55,078 INFO spawned: 'php-fpm' with pid 11
2021-02-17 01:09:56,551 INFO success: nginx entered RUNNING state, process has stayed up for > than 1 seconds (startsecs)
2021-02-17 01:09:56,552 INFO success: php-fpm entered RUNNING state, process has stayed up for > than 1 seconds (startsecs)
2021-02-17 01:17:00,311 WARN received SIGQUIT indicating exit request
2021-02-17 01:17:00,447 INFO waiting for nginx, php-fpm to die
2021-02-17 01:17:01,127 INFO stopped: php-fpm (exit status 0)
2021-02-17 01:17:01,170 INFO stopped: nginx (exit status 0)
2021-02-17 01:17:10,186 CRIT Supervisor is running as root.  Privileges were not dropped because no user is specified in the config file.  If you intend to run as root, you can set user=root in the config file to avoid this message.
2021-02-17 01:17:10,297 INFO supervisord started with pid 1
2021-02-17 01:17:11,311 INFO spawned: 'nginx' with pid 9
2021-02-17 01:17:11,319 INFO spawned: 'php-fpm' with pid 10
2021-02-17 01:17:12,611 INFO success: nginx entered RUNNING state, process has stayed up for > than 1 seconds (startsecs)
2021-02-17 01:17:12,612 INFO success: php-fpm entered RUNNING state, process has stayed up for > than 1 seconds (startsecs)
2021-02-17 13:42:40,853 WARN received SIGQUIT indicating exit request
2021-02-17 13:42:40,857 INFO waiting for nginx, php-fpm to die
2021-02-17 13:42:41,091 INFO stopped: php-fpm (exit status 0)
2021-02-17 13:42:41,110 INFO stopped: nginx (exit status 0)
2021-02-17 13:42:43,805 CRIT Supervisor is running as root.  Privileges were not dropped because no user is specified in the config file.  If you intend to run as root, you can set user=root in the config file to avoid this message.
2021-02-17 13:42:43,811 INFO supervisord started with pid 1
2021-02-17 13:42:44,814 INFO spawned: 'nginx' with pid 9
2021-02-17 13:42:44,817 INFO spawned: 'php-fpm' with pid 10
2021-02-17 13:42:45,887 INFO success: nginx entered RUNNING state, process has stayed up for > than 1 seconds (startsecs)
2021-02-17 13:42:45,890 INFO success: php-fpm entered RUNNING state, process has stayed up for > than 1 seconds (startsecs)
2021-02-17 13:51:49,553 WARN received SIGQUIT indicating exit request
2021-02-17 13:51:49,562 INFO waiting for nginx, php-fpm to die
2021-02-17 13:51:49,638 INFO stopped: php-fpm (exit status 0)
2021-02-17 13:51:49,644 INFO stopped: nginx (exit status 0)
2021-02-17 13:51:52,034 CRIT Supervisor is running as root.  Privileges were not dropped because no user is specified in the config file.  If you intend to run as root, you can set user=root in the config file to avoid this message.
2021-02-17 13:51:52,041 INFO supervisord started with pid 1
2021-02-17 13:51:53,045 INFO spawned: 'nginx' with pid 9
2021-02-17 13:51:53,047 INFO spawned: 'php-fpm' with pid 10
2021-02-17 13:51:54,136 INFO success: nginx entered RUNNING state, process has stayed up for > than 1 seconds (startsecs)
2021-02-17 13:51:54,137 INFO success: php-fpm entered RUNNING state, process has stayed up for > than 1 seconds (startsecs)
2021-02-17 13:55:05,425 WARN received SIGQUIT indicating exit request
2021-02-17 13:55:05,431 INFO waiting for nginx, php-fpm to die
2021-02-17 13:55:05,522 INFO stopped: php-fpm (exit status 0)
2021-02-17 13:55:05,528 INFO stopped: nginx (exit status 0)
2021-02-17 13:55:07,760 CRIT Supervisor is running as root.  Privileges were not dropped because no user is specified in the config file.  If you intend to run as root, you can set user=root in the config file to avoid this message.
2021-02-17 13:55:07,766 INFO supervisord started with pid 1
2021-02-17 13:55:08,769 INFO spawned: 'nginx' with pid 9
2021-02-17 13:55:08,771 INFO spawned: 'php-fpm' with pid 10
2021-02-17 13:55:10,034 INFO success: nginx entered RUNNING state, process has stayed up for > than 1 seconds (startsecs)
2021-02-17 13:55:10,035 INFO success: php-fpm entered RUNNING state, process has stayed up for > than 1 seconds (startsecs)
2021-02-17 14:03:57,418 WARN received SIGQUIT indicating exit request
2021-02-17 14:03:57,421 INFO waiting for nginx, php-fpm to die
2021-02-17 14:03:57,529 INFO stopped: php-fpm (exit status 0)
2021-02-17 14:03:57,557 INFO stopped: nginx (exit status 0)
2021-02-17 14:04:00,459 CRIT Supervisor is running as root.  Privileges were not dropped because no user is specified in the config file.  If you intend to run as root, you can set user=root in the config file to avoid this message.
2021-02-17 14:04:00,472 INFO supervisord started with pid 1
2021-02-17 14:04:01,477 INFO spawned: 'nginx' with pid 9
2021-02-17 14:04:01,479 INFO spawned: 'php-fpm' with pid 10
2021-02-17 14:04:02,674 INFO success: nginx entered RUNNING state, process has stayed up for > than 1 seconds (startsecs)
2021-02-17 14:04:02,675 INFO success: php-fpm entered RUNNING state, process has stayed up for > than 1 seconds (startsecs)
2021-02-17 18:07:04,722 WARN received SIGQUIT indicating exit request
2021-02-17 18:07:04,731 INFO waiting for nginx, php-fpm to die
2021-02-17 18:07:04,775 INFO stopped: php-fpm (exit status 0)
2021-02-17 18:07:04,787 INFO stopped: nginx (exit status 0)
2021-02-17 18:07:07,226 CRIT Supervisor is running as root.  Privileges were not dropped because no user is specified in the config file.  If you intend to run as root, you can set user=root in the config file to avoid this message.
2021-02-17 18:07:07,232 INFO supervisord started with pid 1
2021-02-17 18:07:08,235 INFO spawned: 'nginx' with pid 9
2021-02-17 18:07:08,238 INFO spawned: 'php-fpm' with pid 10
2021-02-17 18:07:09,370 INFO success: nginx entered RUNNING state, process has stayed up for > than 1 seconds (startsecs)
2021-02-17 18:07:09,371 INFO success: php-fpm entered RUNNING state, process has stayed up for > than 1 seconds (startsecs)
2021-02-17 20:29:32,491 WARN received SIGQUIT indicating exit request
2021-02-17 20:29:32,506 INFO waiting for nginx, php-fpm to die
2021-02-17 20:29:32,573 INFO stopped: php-fpm (exit status 0)
2021-02-17 20:29:32,579 INFO stopped: nginx (exit status 0)
2021-02-17 20:29:34,299 CRIT Supervisor is running as root.  Privileges were not dropped because no user is specified in the config file.  If you intend to run as root, you can set user=root in the config file to avoid this message.
2021-02-17 20:29:34,312 INFO supervisord started with pid 1
2021-02-17 20:29:35,315 INFO spawned: 'nginx' with pid 10
2021-02-17 20:29:35,317 INFO spawned: 'php-fpm' with pid 11
2021-02-17 20:29:36,458 INFO success: nginx entered RUNNING state, process has stayed up for > than 1 seconds (startsecs)
2021-02-17 20:29:36,459 INFO success: php-fpm entered RUNNING state, process has stayed up for > than 1 seconds (startsecs)
2021-02-17 21:55:07,689 WARN received SIGQUIT indicating exit request
2021-02-17 21:55:07,733 INFO waiting for nginx, php-fpm to die
2021-02-17 21:55:07,800 INFO stopped: php-fpm (exit status 0)
2021-02-17 21:55:07,806 INFO stopped: nginx (exit status 0)
2021-02-17 21:55:13,720 CRIT Supervisor is running as root.  Privileges were not dropped because no user is specified in the config file.  If you intend to run as root, you can set user=root in the config file to avoid this message.
2021-02-17 21:55:13,725 INFO supervisord started with pid 1
2021-02-17 21:55:14,731 INFO spawned: 'nginx' with pid 9
2021-02-17 21:55:14,746 INFO spawned: 'php-fpm' with pid 10
2021-02-17 21:55:16,336 INFO success: nginx entered RUNNING state, process has stayed up for > than 1 seconds (startsecs)
2021-02-17 21:55:16,336 INFO success: php-fpm entered RUNNING state, process has stayed up for > than 1 seconds (startsecs)
2021-02-17 22:14:10,473 WARN received SIGQUIT indicating exit request
2021-02-17 22:14:10,476 INFO waiting for nginx, php-fpm to die
2021-02-17 22:14:10,602 INFO stopped: php-fpm (exit status 0)
2021-02-17 22:14:10,607 INFO stopped: nginx (exit status 0)
2021-02-17 22:14:15,217 CRIT Supervisor is running as root.  Privileges were not dropped because no user is specified in the config file.  If you intend to run as root, you can set user=root in the config file to avoid this message.
2021-02-17 22:14:15,223 INFO supervisord started with pid 1
2021-02-17 22:14:16,229 INFO spawned: 'nginx' with pid 10
2021-02-17 22:14:16,288 INFO spawned: 'php-fpm' with pid 11
2021-02-17 22:14:17,481 INFO success: nginx entered RUNNING state, process has stayed up for > than 1 seconds (startsecs)
2021-02-17 22:14:17,482 INFO success: php-fpm entered RUNNING state, process has stayed up for > than 1 seconds (startsecs)
2021-02-17 22:19:06,102 WARN received SIGQUIT indicating exit request
2021-02-17 22:19:06,106 INFO waiting for nginx, php-fpm to die
2021-02-17 22:19:06,133 INFO stopped: php-fpm (exit status 0)
2021-02-17 22:19:06,138 INFO stopped: nginx (exit status 0)
2021-02-17 22:19:07,849 CRIT Supervisor is running as root.  Privileges were not dropped because no user is specified in the config file.  If you intend to run as root, you can set user=root in the config file to avoid this message.
2021-02-17 22:19:07,857 INFO supervisord started with pid 1
2021-02-17 22:19:08,860 INFO spawned: 'nginx' with pid 9
2021-02-17 22:19:08,863 INFO spawned: 'php-fpm' with pid 10
2021-02-17 22:19:09,993 INFO success: nginx entered RUNNING state, process has stayed up for > than 1 seconds (startsecs)
2021-02-17 22:19:09,994 INFO success: php-fpm entered RUNNING state, process has stayed up for > than 1 seconds (startsecs)
2021-02-17 22:20:04,154 WARN received SIGQUIT indicating exit request
2021-02-17 22:20:04,158 INFO waiting for nginx, php-fpm to die
2021-02-17 22:20:04,170 INFO stopped: php-fpm (exit status 0)
2021-02-17 22:20:04,175 INFO stopped: nginx (exit status 0)
2021-02-17 22:21:57,872 CRIT Supervisor is running as root.  Privileges were not dropped because no user is specified in the config file.  If you intend to run as root, you can set user=root in the config file to avoid this message.
2021-02-17 22:21:57,880 INFO supervisord started with pid 1
2021-02-17 22:21:58,888 INFO spawned: 'nginx' with pid 10
2021-02-17 22:21:58,901 INFO spawned: 'php-fpm' with pid 11
2021-02-17 22:21:59,954 INFO success: nginx entered RUNNING state, process has stayed up for > than 1 seconds (startsecs)
2021-02-17 22:21:59,956 INFO success: php-fpm entered RUNNING state, process has stayed up for > than 1 seconds (startsecs)
2021-02-18 00:32:16,687 WARN received SIGQUIT indicating exit request
2021-02-18 00:32:16,694 INFO waiting for nginx, php-fpm to die
2021-02-18 00:32:16,802 INFO stopped: php-fpm (exit status 0)
2021-02-18 00:32:16,807 INFO stopped: nginx (exit status 0)
2021-02-18 00:32:18,578 CRIT Supervisor is running as root.  Privileges were not dropped because no user is specified in the config file.  If you intend to run as root, you can set user=root in the config file to avoid this message.
2021-02-18 00:32:18,585 INFO supervisord started with pid 1
2021-02-18 00:32:19,589 INFO spawned: 'nginx' with pid 10
2021-02-18 00:32:19,592 INFO spawned: 'php-fpm' with pid 11
2021-02-18 00:32:20,673 INFO success: nginx entered RUNNING state, process has stayed up for > than 1 seconds (startsecs)
2021-02-18 00:32:20,674 INFO success: php-fpm entered RUNNING state, process has stayed up for > than 1 seconds (startsecs)
2021-02-18 01:02:38,204 WARN received SIGQUIT indicating exit request
2021-02-18 01:02:38,212 INFO waiting for nginx, php-fpm to die
2021-02-18 01:02:38,276 INFO stopped: php-fpm (exit status 0)
2021-02-18 01:02:38,281 INFO stopped: nginx (exit status 0)
2021-02-18 01:02:39,944 CRIT Supervisor is running as root.  Privileges were not dropped because no user is specified in the config file.  If you intend to run as root, you can set user=root in the config file to avoid this message.
2021-02-18 01:02:39,955 INFO supervisord started with pid 1
2021-02-18 01:02:40,958 INFO spawned: 'nginx' with pid 9
2021-02-18 01:02:40,961 INFO spawned: 'php-fpm' with pid 10
2021-02-18 01:02:42,055 INFO success: nginx entered RUNNING state, process has stayed up for > than 1 seconds (startsecs)
2021-02-18 01:02:42,057 INFO success: php-fpm entered RUNNING state, process has stayed up for > than 1 seconds (startsecs)
2021-02-18 01:11:56,121 WARN received SIGQUIT indicating exit request
2021-02-18 01:11:56,127 INFO waiting for nginx, php-fpm to die
2021-02-18 01:11:56,178 INFO stopped: php-fpm (exit status 0)
2021-02-18 01:11:56,183 INFO stopped: nginx (exit status 0)
2021-02-18 01:11:58,114 CRIT Supervisor is running as root.  Privileges were not dropped because no user is specified in the config file.  If you intend to run as root, you can set user=root in the config file to avoid this message.
2021-02-18 01:11:58,124 INFO supervisord started with pid 1
2021-02-18 01:11:59,128 INFO spawned: 'nginx' with pid 9
2021-02-18 01:11:59,130 INFO spawned: 'php-fpm' with pid 10
2021-02-18 01:12:01,006 INFO success: nginx entered RUNNING state, process has stayed up for > than 1 seconds (startsecs)
2021-02-18 01:12:01,007 INFO success: php-fpm entered RUNNING state, process has stayed up for > than 1 seconds (startsecs)
2021-02-18 01:36:22,166 WARN received SIGQUIT indicating exit request
2021-02-18 01:36:22,176 INFO waiting for nginx, php-fpm to die
2021-02-18 01:36:22,256 INFO stopped: php-fpm (exit status 0)
2021-02-18 01:36:22,263 INFO stopped: nginx (exit status 0)
2021-02-18 01:36:24,137 CRIT Supervisor is running as root.  Privileges were not dropped because no user is specified in the config file.  If you intend to run as root, you can set user=root in the config file to avoid this message.
2021-02-18 01:36:24,145 INFO supervisord started with pid 1
2021-02-18 01:36:25,148 INFO spawned: 'nginx' with pid 9
2021-02-18 01:36:25,153 INFO spawned: 'php-fpm' with pid 10
2021-02-18 01:36:26,264 INFO success: nginx entered RUNNING state, process has stayed up for > than 1 seconds (startsecs)
2021-02-18 01:36:26,265 INFO success: php-fpm entered RUNNING state, process has stayed up for > than 1 seconds (startsecs)
2021-02-18 02:08:51,080 WARN received SIGQUIT indicating exit request
2021-02-18 02:08:51,100 INFO waiting for nginx, php-fpm to die
2021-02-18 02:08:51,170 INFO stopped: php-fpm (exit status 0)
2021-02-18 02:08:51,177 INFO stopped: nginx (exit status 0)
2021-02-18 02:08:55,337 CRIT Supervisor is running as root.  Privileges were not dropped because no user is specified in the config file.  If you intend to run as root, you can set user=root in the config file to avoid this message.
2021-02-18 02:08:55,345 INFO supervisord started with pid 1
2021-02-18 02:08:56,350 INFO spawned: 'nginx' with pid 10
2021-02-18 02:08:56,353 INFO spawned: 'php-fpm' with pid 11
2021-02-18 02:08:57,576 INFO success: nginx entered RUNNING state, process has stayed up for > than 1 seconds (startsecs)
2021-02-18 02:08:57,577 INFO success: php-fpm entered RUNNING state, process has stayed up for > than 1 seconds (startsecs)
2021-02-18 02:39:38,026 WARN received SIGQUIT indicating exit request
2021-02-18 02:39:38,047 INFO waiting for nginx, php-fpm to die
2021-02-18 02:39:38,108 INFO stopped: php-fpm (exit status 0)
2021-02-18 02:39:38,113 INFO stopped: nginx (exit status 0)
2021-02-18 02:39:40,180 CRIT Supervisor is running as root.  Privileges were not dropped because no user is specified in the config file.  If you intend to run as root, you can set user=root in the config file to avoid this message.
2021-02-18 02:39:40,189 INFO supervisord started with pid 1
2021-02-18 02:39:41,192 INFO spawned: 'nginx' with pid 10
2021-02-18 02:39:41,195 INFO spawned: 'php-fpm' with pid 11
2021-02-18 02:39:42,415 INFO success: nginx entered RUNNING state, process has stayed up for > than 1 seconds (startsecs)
2021-02-18 02:39:42,417 INFO success: php-fpm entered RUNNING state, process has stayed up for > than 1 seconds (startsecs)
2021-02-18 02:49:02,221 WARN received SIGQUIT indicating exit request
2021-02-18 02:49:02,234 INFO waiting for nginx, php-fpm to die
2021-02-18 02:49:02,423 INFO stopped: php-fpm (exit status 0)
2021-02-18 02:49:02,432 INFO stopped: nginx (exit status 0)
2021-02-18 02:49:05,497 CRIT Supervisor is running as root.  Privileges were not dropped because no user is specified in the config file.  If you intend to run as root, you can set user=root in the config file to avoid this message.
2021-02-18 02:49:05,511 INFO supervisord started with pid 1
2021-02-18 02:49:06,515 INFO spawned: 'nginx' with pid 11
2021-02-18 02:49:06,518 INFO spawned: 'php-fpm' with pid 12
2021-02-18 02:49:08,086 INFO success: nginx entered RUNNING state, process has stayed up for > than 1 seconds (startsecs)
2021-02-18 02:49:08,086 INFO success: php-fpm entered RUNNING state, process has stayed up for > than 1 seconds (startsecs)
2021-02-18 02:59:56,716 WARN received SIGQUIT indicating exit request
2021-02-18 02:59:56,731 INFO waiting for nginx, php-fpm to die
2021-02-18 02:59:56,817 INFO stopped: php-fpm (exit status 0)
2021-02-18 02:59:56,824 INFO stopped: nginx (exit status 0)
2021-02-18 02:59:58,794 CRIT Supervisor is running as root.  Privileges were not dropped because no user is specified in the config file.  If you intend to run as root, you can set user=root in the config file to avoid this message.
2021-02-18 02:59:58,822 INFO supervisord started with pid 1
2021-02-18 02:59:59,825 INFO spawned: 'nginx' with pid 9
2021-02-18 02:59:59,833 INFO spawned: 'php-fpm' with pid 10
2021-02-18 03:00:00,947 INFO success: nginx entered RUNNING state, process has stayed up for > than 1 seconds (startsecs)
2021-02-18 03:00:00,952 INFO success: php-fpm entered RUNNING state, process has stayed up for > than 1 seconds (startsecs)
2021-02-18 03:25:29,717 WARN received SIGQUIT indicating exit request
2021-02-18 03:25:29,737 INFO waiting for nginx, php-fpm to die
2021-02-18 03:25:29,852 INFO stopped: php-fpm (exit status 0)
2021-02-18 03:25:29,857 INFO stopped: nginx (exit status 0)
2021-02-18 03:25:31,521 CRIT Supervisor is running as root.  Privileges were not dropped because no user is specified in the config file.  If you intend to run as root, you can set user=root in the config file to avoid this message.
2021-02-18 03:25:31,527 INFO supervisord started with pid 1
2021-02-18 03:25:32,529 INFO spawned: 'nginx' with pid 11
2021-02-18 03:25:32,532 INFO spawned: 'php-fpm' with pid 12
2021-02-18 03:25:33,671 INFO success: nginx entered RUNNING state, process has stayed up for > than 1 seconds (startsecs)
2021-02-18 03:25:33,672 INFO success: php-fpm entered RUNNING state, process has stayed up for > than 1 seconds (startsecs)
2021-02-18 03:38:38,807 WARN received SIGQUIT indicating exit request
2021-02-18 03:38:38,811 INFO waiting for nginx, php-fpm to die
2021-02-18 03:38:38,825 INFO stopped: php-fpm (exit status 0)
2021-02-18 03:38:38,833 INFO stopped: nginx (exit status 0)
2021-02-18 03:38:41,123 CRIT Supervisor is running as root.  Privileges were not dropped because no user is specified in the config file.  If you intend to run as root, you can set user=root in the config file to avoid this message.
2021-02-18 03:38:41,139 INFO supervisord started with pid 1
2021-02-18 03:38:42,143 INFO spawned: 'nginx' with pid 10
2021-02-18 03:38:42,146 INFO spawned: 'php-fpm' with pid 11
2021-02-18 03:38:43,288 INFO success: nginx entered RUNNING state, process has stayed up for > than 1 seconds (startsecs)
2021-02-18 03:38:43,288 INFO success: php-fpm entered RUNNING state, process has stayed up for > than 1 seconds (startsecs)
2021-02-18 18:34:22,695 WARN received SIGQUIT indicating exit request
2021-02-18 18:34:22,698 INFO waiting for nginx, php-fpm to die
2021-02-18 18:34:22,724 INFO stopped: php-fpm (exit status 0)
2021-02-18 18:34:22,728 INFO stopped: nginx (exit status 0)
2021-02-19 21:22:54,828 CRIT Supervisor is running as root.  Privileges were not dropped because no user is specified in the config file.  If you intend to run as root, you can set user=root in the config file to avoid this message.
2021-02-19 21:22:55,126 INFO supervisord started with pid 1
2021-02-19 21:22:56,229 INFO spawned: 'nginx' with pid 10
2021-02-19 21:22:56,277 INFO spawned: 'php-fpm' with pid 11
2021-02-19 21:22:57,364 INFO success: nginx entered RUNNING state, process has stayed up for > than 1 seconds (startsecs)
2021-02-19 21:22:57,365 INFO success: php-fpm entered RUNNING state, process has stayed up for > than 1 seconds (startsecs)
2021-02-23 04:27:46,312 WARN received SIGQUIT indicating exit request
2021-02-23 04:27:46,388 INFO waiting for nginx, php-fpm to die
2021-02-23 04:27:46,486 INFO stopped: php-fpm (exit status 0)
2021-02-23 04:27:46,651 INFO stopped: nginx (exit status 0)
2021-02-23 04:27:50,215 CRIT Supervisor is running as root.  Privileges were not dropped because no user is specified in the config file.  If you intend to run as root, you can set user=root in the config file to avoid this message.
2021-02-23 04:27:50,221 INFO supervisord started with pid 1
2021-02-23 04:27:51,226 INFO spawned: 'nginx' with pid 9
2021-02-23 04:27:51,228 INFO spawned: 'php-fpm' with pid 10
2021-02-23 04:27:52,510 INFO success: nginx entered RUNNING state, process has stayed up for > than 1 seconds (startsecs)
2021-02-23 04:27:52,511 INFO success: php-fpm entered RUNNING state, process has stayed up for > than 1 seconds (startsecs)
2021-07-20 04:41:53,443 CRIT Supervisor is running as root.  Privileges were not dropped because no user is specified in the config file.  If you intend to run as root, you can set user=root in the config file to avoid this message.
2021-07-20 04:41:53,485 INFO supervisord started with pid 1
2021-07-20 04:41:54,490 INFO spawned: 'nginx' with pid 9
2021-07-20 04:41:54,497 INFO spawned: 'php-fpm' with pid 10
2021-07-20 04:41:55,600 INFO success: nginx entered RUNNING state, process has stayed up for > than 1 seconds (startsecs)
2021-07-20 04:41:55,602 INFO success: php-fpm entered RUNNING state, process has stayed up for > than 1 seconds (startsecs)
2021-07-20 08:25:21,278 CRIT Supervisor is running as root.  Privileges were not dropped because no user is specified in the config file.  If you intend to run as root, you can set user=root in the config file to avoid this message.
2021-07-20 08:25:21,297 INFO supervisord started with pid 1
2021-07-20 08:25:22,301 INFO spawned: 'nginx' with pid 10
2021-07-20 08:25:22,304 INFO spawned: 'php-fpm' with pid 11
2021-07-20 08:25:23,531 INFO success: nginx entered RUNNING state, process has stayed up for > than 1 seconds (startsecs)
2021-07-20 08:25:23,533 INFO success: php-fpm entered RUNNING state, process has stayed up for > than 1 seconds (startsecs)
2021-07-20 08:42:34,577 WARN received SIGQUIT indicating exit request
2021-07-20 08:42:34,602 INFO waiting for nginx, php-fpm to die
2021-07-20 08:42:34,716 INFO stopped: php-fpm (exit status 0)
2021-07-20 08:42:34,724 INFO stopped: nginx (exit status 0)
2021-07-20 08:42:38,041 CRIT Supervisor is running as root.  Privileges were not dropped because no user is specified in the config file.  If you intend to run as root, you can set user=root in the config file to avoid this message.
2021-07-20 08:42:38,056 INFO supervisord started with pid 1
2021-07-20 08:42:39,063 INFO spawned: 'nginx' with pid 12
2021-07-20 08:42:39,076 INFO spawned: 'php-fpm' with pid 13
2021-07-20 08:42:40,514 INFO success: nginx entered RUNNING state, process has stayed up for > than 1 seconds (startsecs)
2021-07-20 08:42:40,516 INFO success: php-fpm entered RUNNING state, process has stayed up for > than 1 seconds (startsecs)
2021-07-20 08:49:15,230 WARN received SIGQUIT indicating exit request
2021-07-20 08:49:15,232 INFO waiting for nginx, php-fpm to die
2021-07-20 08:49:15,288 INFO stopped: php-fpm (exit status 0)
2021-07-20 08:49:15,292 INFO stopped: nginx (exit status 0)
2021-07-20 08:49:17,096 CRIT Supervisor is running as root.  Privileges were not dropped because no user is specified in the config file.  If you intend to run as root, you can set user=root in the config file to avoid this message.
2021-07-20 08:49:17,104 INFO supervisord started with pid 1
2021-07-20 08:49:18,107 INFO spawned: 'nginx' with pid 10
2021-07-20 08:49:18,110 INFO spawned: 'php-fpm' with pid 11
2021-07-20 08:49:19,165 INFO success: nginx entered RUNNING state, process has stayed up for > than 1 seconds (startsecs)
2021-07-20 08:49:19,166 INFO success: php-fpm entered RUNNING state, process has stayed up for > than 1 seconds (startsecs)
2021-07-20 09:34:45,683 WARN received SIGQUIT indicating exit request
2021-07-20 09:34:45,700 INFO waiting for nginx, php-fpm to die
2021-07-20 09:34:45,797 INFO stopped: php-fpm (exit status 0)
2021-07-20 09:34:45,801 INFO stopped: nginx (exit status 0)
2021-07-20 09:34:47,533 CRIT Supervisor is running as root.  Privileges were not dropped because no user is specified in the config file.  If you intend to run as root, you can set user=root in the config file to avoid this message.
2021-07-20 09:34:47,544 INFO supervisord started with pid 1
2021-07-20 09:34:48,550 INFO spawned: 'nginx' with pid 9
2021-07-20 09:34:48,554 INFO spawned: 'php-fpm' with pid 10
2021-07-20 09:34:49,628 INFO success: nginx entered RUNNING state, process has stayed up for > than 1 seconds (startsecs)
2021-07-20 09:34:49,630 INFO success: php-fpm entered RUNNING state, process has stayed up for > than 1 seconds (startsecs)
2021-07-20 09:45:04,681 WARN received SIGQUIT indicating exit request
2021-07-20 09:45:04,712 INFO waiting for nginx, php-fpm to die
2021-07-20 09:45:04,783 INFO stopped: php-fpm (exit status 0)
2021-07-20 09:45:04,801 INFO stopped: nginx (exit status 0)
2021-07-20 09:45:10,189 CRIT Supervisor is running as root.  Privileges were not dropped because no user is specified in the config file.  If you intend to run as root, you can set user=root in the config file to avoid this message.
2021-07-20 09:45:10,215 INFO supervisord started with pid 1
2021-07-20 09:45:11,219 INFO spawned: 'nginx' with pid 9
2021-07-20 09:45:11,222 INFO spawned: 'php-fpm' with pid 10
2021-07-20 09:45:12,285 INFO success: nginx entered RUNNING state, process has stayed up for > than 1 seconds (startsecs)
2021-07-20 09:45:12,287 INFO success: php-fpm entered RUNNING state, process has stayed up for > than 1 seconds (startsecs)
2021-07-20 09:50:24,523 WARN received SIGQUIT indicating exit request
2021-07-20 09:50:24,526 INFO waiting for nginx, php-fpm to die
2021-07-20 09:50:24,651 INFO stopped: php-fpm (exit status 0)
2021-07-20 09:50:24,657 INFO stopped: nginx (exit status 0)
2021-07-20 09:50:26,259 CRIT Supervisor is running as root.  Privileges were not dropped because no user is specified in the config file.  If you intend to run as root, you can set user=root in the config file to avoid this message.
2021-07-20 09:50:26,264 INFO supervisord started with pid 1
2021-07-20 09:50:27,268 INFO spawned: 'nginx' with pid 9
2021-07-20 09:50:27,272 INFO spawned: 'php-fpm' with pid 10
2021-07-20 09:50:28,326 INFO success: nginx entered RUNNING state, process has stayed up for > than 1 seconds (startsecs)
2021-07-20 09:50:28,327 INFO success: php-fpm entered RUNNING state, process has stayed up for > than 1 seconds (startsecs)
2021-07-20 10:58:53,670 WARN received SIGQUIT indicating exit request
2021-07-20 10:58:53,708 INFO waiting for nginx, php-fpm to die
2021-07-20 10:58:54,278 INFO stopped: php-fpm (exit status 0)
2021-07-20 10:58:54,361 INFO stopped: nginx (exit status 0)
2021-07-20 10:58:57,205 CRIT Supervisor is running as root.  Privileges were not dropped because no user is specified in the config file.  If you intend to run as root, you can set user=root in the config file to avoid this message.
2021-07-20 10:58:57,213 INFO supervisord started with pid 1
2021-07-20 10:58:58,216 INFO spawned: 'nginx' with pid 10
2021-07-20 10:58:58,220 INFO spawned: 'php-fpm' with pid 11
2021-07-20 10:58:59,310 INFO success: nginx entered RUNNING state, process has stayed up for > than 1 seconds (startsecs)
2021-07-20 10:58:59,312 INFO success: php-fpm entered RUNNING state, process has stayed up for > than 1 seconds (startsecs)
2021-07-20 11:02:03,071 WARN received SIGQUIT indicating exit request
2021-07-20 11:02:03,074 INFO waiting for nginx, php-fpm to die
2021-07-20 11:02:03,084 INFO stopped: php-fpm (exit status 0)
2021-07-20 11:02:03,086 INFO stopped: nginx (exit status 0)
2021-07-20 11:02:07,558 CRIT Supervisor is running as root.  Privileges were not dropped because no user is specified in the config file.  If you intend to run as root, you can set user=root in the config file to avoid this message.
2021-07-20 11:02:07,564 INFO supervisord started with pid 1
2021-07-20 11:02:08,567 INFO spawned: 'nginx' with pid 9
2021-07-20 11:02:08,571 INFO spawned: 'php-fpm' with pid 10
2021-07-20 11:02:09,596 INFO success: nginx entered RUNNING state, process has stayed up for > than 1 seconds (startsecs)
2021-07-20 11:02:09,598 INFO success: php-fpm entered RUNNING state, process has stayed up for > than 1 seconds (startsecs)
2021-07-20 13:04:26,177 WARN received SIGQUIT indicating exit request
2021-07-20 13:04:26,189 INFO waiting for nginx, php-fpm to die
2021-07-20 13:04:26,271 INFO stopped: php-fpm (exit status 0)
2021-07-20 13:04:26,279 INFO stopped: nginx (exit status 0)
2021-07-20 13:04:29,464 CRIT Supervisor is running as root.  Privileges were not dropped because no user is specified in the config file.  If you intend to run as root, you can set user=root in the config file to avoid this message.
2021-07-20 13:04:29,476 INFO supervisord started with pid 1
2021-07-20 13:04:30,480 INFO spawned: 'nginx' with pid 9
2021-07-20 13:04:30,487 INFO spawned: 'php-fpm' with pid 10
2021-07-20 13:04:31,629 INFO success: nginx entered RUNNING state, process has stayed up for > than 1 seconds (startsecs)
2021-07-20 13:04:31,630 INFO success: php-fpm entered RUNNING state, process has stayed up for > than 1 seconds (startsecs)
2021-07-20 13:10:58,375 WARN received SIGQUIT indicating exit request
2021-07-20 13:10:58,377 INFO waiting for nginx, php-fpm to die
2021-07-20 13:10:58,383 INFO stopped: php-fpm (exit status 0)
2021-07-20 13:10:58,386 INFO stopped: nginx (exit status 0)
2021-07-20 13:11:01,082 CRIT Supervisor is running as root.  Privileges were not dropped because no user is specified in the config file.  If you intend to run as root, you can set user=root in the config file to avoid this message.
2021-07-20 13:11:01,143 INFO supervisord started with pid 1
2021-07-20 13:11:02,178 INFO spawned: 'nginx' with pid 11
2021-07-20 13:11:02,189 INFO spawned: 'php-fpm' with pid 12
2021-07-20 13:11:03,287 INFO success: nginx entered RUNNING state, process has stayed up for > than 1 seconds (startsecs)
2021-07-20 13:11:03,288 INFO success: php-fpm entered RUNNING state, process has stayed up for > than 1 seconds (startsecs)
2021-07-20 15:05:23,265 WARN received SIGQUIT indicating exit request
2021-07-20 15:05:23,271 INFO waiting for nginx, php-fpm to die
2021-07-20 15:05:23,345 INFO stopped: php-fpm (exit status 0)
2021-07-20 15:05:23,349 INFO stopped: nginx (exit status 0)
2021-07-20 15:05:25,234 CRIT Supervisor is running as root.  Privileges were not dropped because no user is specified in the config file.  If you intend to run as root, you can set user=root in the config file to avoid this message.
2021-07-20 15:05:25,240 INFO supervisord started with pid 1
2021-07-20 15:05:26,245 INFO spawned: 'nginx' with pid 9
2021-07-20 15:05:26,254 INFO spawned: 'php-fpm' with pid 10
2021-07-20 15:05:27,377 INFO success: nginx entered RUNNING state, process has stayed up for > than 1 seconds (startsecs)
2021-07-20 15:05:27,381 INFO success: php-fpm entered RUNNING state, process has stayed up for > than 1 seconds (startsecs)
2021-07-20 16:33:53,905 WARN received SIGQUIT indicating exit request
2021-07-20 16:33:53,915 INFO waiting for nginx, php-fpm to die
2021-07-20 16:33:53,953 INFO stopped: php-fpm (exit status 0)
2021-07-20 16:33:53,958 INFO stopped: nginx (exit status 0)
2021-07-20 16:33:56,824 CRIT Supervisor is running as root.  Privileges were not dropped because no user is specified in the config file.  If you intend to run as root, you can set user=root in the config file to avoid this message.
2021-07-20 16:33:56,834 INFO supervisord started with pid 1
2021-07-20 16:33:57,841 INFO spawned: 'nginx' with pid 10
2021-07-20 16:33:57,845 INFO spawned: 'php-fpm' with pid 11
2021-07-20 16:33:58,899 INFO success: nginx entered RUNNING state, process has stayed up for > than 1 seconds (startsecs)
2021-07-20 16:33:58,901 INFO success: php-fpm entered RUNNING state, process has stayed up for > than 1 seconds (startsecs)
2021-07-20 19:45:13,759 WARN received SIGQUIT indicating exit request
2021-07-20 19:45:13,772 INFO waiting for nginx, php-fpm to die
2021-07-20 19:45:13,848 INFO stopped: php-fpm (exit status 0)
2021-07-20 19:45:13,853 INFO stopped: nginx (exit status 0)
2021-07-20 19:45:16,410 CRIT Supervisor is running as root.  Privileges were not dropped because no user is specified in the config file.  If you intend to run as root, you can set user=root in the config file to avoid this message.
2021-07-20 19:45:16,418 INFO supervisord started with pid 1
2021-07-20 19:45:17,422 INFO spawned: 'nginx' with pid 9
2021-07-20 19:45:17,425 INFO spawned: 'php-fpm' with pid 10
2021-07-20 19:45:18,491 INFO success: nginx entered RUNNING state, process has stayed up for > than 1 seconds (startsecs)
2021-07-20 19:45:18,494 INFO success: php-fpm entered RUNNING state, process has stayed up for > than 1 seconds (startsecs)
2021-07-20 20:02:46,765 WARN received SIGQUIT indicating exit request
2021-07-20 20:02:46,769 INFO waiting for nginx, php-fpm to die
2021-07-20 20:02:46,803 INFO stopped: php-fpm (exit status 0)
2021-07-20 20:02:46,807 INFO stopped: nginx (exit status 0)
2021-07-20 20:02:51,881 CRIT Supervisor is running as root.  Privileges were not dropped because no user is specified in the config file.  If you intend to run as root, you can set user=root in the config file to avoid this message.
2021-07-20 20:02:51,891 INFO supervisord started with pid 1
2021-07-20 20:02:52,894 INFO spawned: 'nginx' with pid 9
2021-07-20 20:02:52,897 INFO spawned: 'php-fpm' with pid 10
2021-07-20 20:02:53,984 INFO success: nginx entered RUNNING state, process has stayed up for > than 1 seconds (startsecs)
2021-07-20 20:02:53,986 INFO success: php-fpm entered RUNNING state, process has stayed up for > than 1 seconds (startsecs)
2021-07-20 20:16:38,820 WARN received SIGQUIT indicating exit request
2021-07-20 20:16:38,830 INFO waiting for nginx, php-fpm to die
2021-07-20 20:16:38,909 INFO stopped: php-fpm (exit status 0)
2021-07-20 20:16:38,914 INFO stopped: nginx (exit status 0)
2021-07-20 20:16:44,398 CRIT Supervisor is running as root.  Privileges were not dropped because no user is specified in the config file.  If you intend to run as root, you can set user=root in the config file to avoid this message.
2021-07-20 20:16:44,414 INFO supervisord started with pid 1
2021-07-20 20:16:45,419 INFO spawned: 'nginx' with pid 10
2021-07-20 20:16:45,424 INFO spawned: 'php-fpm' with pid 11
2021-07-20 20:16:46,498 INFO success: nginx entered RUNNING state, process has stayed up for > than 1 seconds (startsecs)
2021-07-20 20:16:46,499 INFO success: php-fpm entered RUNNING state, process has stayed up for > than 1 seconds (startsecs)
2021-07-20 20:18:42,995 WARN received SIGQUIT indicating exit request
2021-07-20 20:18:42,997 INFO waiting for nginx, php-fpm to die
2021-07-20 20:18:43,005 INFO stopped: php-fpm (exit status 0)
2021-07-20 20:18:43,011 INFO stopped: nginx (exit status 0)
2021-07-20 20:18:47,113 CRIT Supervisor is running as root.  Privileges were not dropped because no user is specified in the config file.  If you intend to run as root, you can set user=root in the config file to avoid this message.
2021-07-20 20:18:47,136 INFO supervisord started with pid 1
2021-07-20 20:18:48,149 INFO spawned: 'nginx' with pid 9
2021-07-20 20:18:48,152 INFO spawned: 'php-fpm' with pid 10
2021-07-20 20:18:49,187 INFO success: nginx entered RUNNING state, process has stayed up for > than 1 seconds (startsecs)
2021-07-20 20:18:49,188 INFO success: php-fpm entered RUNNING state, process has stayed up for > than 1 seconds (startsecs)
2021-07-20 20:18:59,448 WARN received SIGQUIT indicating exit request
2021-07-20 20:18:59,449 INFO waiting for nginx, php-fpm to die
2021-07-20 20:18:59,458 INFO stopped: php-fpm (exit status 0)
2021-07-20 20:18:59,462 INFO stopped: nginx (exit status 0)
2021-07-20 20:19:03,498 CRIT Supervisor is running as root.  Privileges were not dropped because no user is specified in the config file.  If you intend to run as root, you can set user=root in the config file to avoid this message.
2021-07-20 20:19:03,537 INFO supervisord started with pid 1
2021-07-20 20:19:04,551 INFO spawned: 'nginx' with pid 11
2021-07-20 20:19:04,559 INFO spawned: 'php-fpm' with pid 12
2021-07-20 20:19:05,872 INFO success: nginx entered RUNNING state, process has stayed up for > than 1 seconds (startsecs)
2021-07-20 20:19:05,874 INFO success: php-fpm entered RUNNING state, process has stayed up for > than 1 seconds (startsecs)
2021-07-20 20:24:52,259 WARN received SIGQUIT indicating exit request
2021-07-20 20:24:52,264 INFO waiting for nginx, php-fpm to die
2021-07-20 20:24:52,273 INFO stopped: php-fpm (exit status 0)
2021-07-20 20:24:52,282 INFO stopped: nginx (exit status 0)
2021-07-20 20:24:55,066 CRIT Supervisor is running as root.  Privileges were not dropped because no user is specified in the config file.  If you intend to run as root, you can set user=root in the config file to avoid this message.
2021-07-20 20:24:55,072 INFO supervisord started with pid 1
2021-07-20 20:24:56,076 INFO spawned: 'nginx' with pid 10
2021-07-20 20:24:56,080 INFO spawned: 'php-fpm' with pid 11
2021-07-20 20:24:57,181 INFO success: nginx entered RUNNING state, process has stayed up for > than 1 seconds (startsecs)
2021-07-20 20:24:57,184 INFO success: php-fpm entered RUNNING state, process has stayed up for > than 1 seconds (startsecs)
2021-07-20 20:28:50,542 WARN received SIGQUIT indicating exit request
2021-07-20 20:28:50,560 INFO waiting for nginx, php-fpm to die
2021-07-20 20:28:50,659 INFO stopped: php-fpm (exit status 0)
2021-07-20 20:28:50,664 INFO stopped: nginx (exit status 0)
2021-07-20 20:28:53,117 CRIT Supervisor is running as root.  Privileges were not dropped because no user is specified in the config file.  If you intend to run as root, you can set user=root in the config file to avoid this message.
2021-07-20 20:28:53,128 INFO supervisord started with pid 1
2021-07-20 20:28:54,132 INFO spawned: 'nginx' with pid 12
2021-07-20 20:28:54,137 INFO spawned: 'php-fpm' with pid 13
2021-07-20 20:28:55,204 INFO success: nginx entered RUNNING state, process has stayed up for > than 1 seconds (startsecs)
2021-07-20 20:28:55,206 INFO success: php-fpm entered RUNNING state, process has stayed up for > than 1 seconds (startsecs)
2021-07-20 21:16:50,774 WARN received SIGQUIT indicating exit request
2021-07-20 21:16:50,776 INFO waiting for nginx, php-fpm to die
2021-07-20 21:16:50,791 INFO stopped: php-fpm (exit status 0)
2021-07-20 21:16:50,797 INFO stopped: nginx (exit status 0)
2021-07-20 21:16:53,774 CRIT Supervisor is running as root.  Privileges were not dropped because no user is specified in the config file.  If you intend to run as root, you can set user=root in the config file to avoid this message.
2021-07-20 21:16:53,781 INFO supervisord started with pid 1
2021-07-20 21:16:54,753 INFO spawned: 'nginx' with pid 11
2021-07-20 21:16:54,757 INFO spawned: 'php-fpm' with pid 12
2021-07-20 21:16:55,817 INFO success: nginx entered RUNNING state, process has stayed up for > than 1 seconds (startsecs)
2021-07-20 21:16:55,819 INFO success: php-fpm entered RUNNING state, process has stayed up for > than 1 seconds (startsecs)
2021-07-20 21:44:33,332 WARN received SIGQUIT indicating exit request
2021-07-20 21:44:33,335 INFO waiting for nginx, php-fpm to die
2021-07-20 21:44:33,398 INFO stopped: php-fpm (exit status 0)
2021-07-20 21:44:33,403 INFO stopped: nginx (exit status 0)
2021-07-20 21:44:36,412 CRIT Supervisor is running as root.  Privileges were not dropped because no user is specified in the config file.  If you intend to run as root, you can set user=root in the config file to avoid this message.
2021-07-20 21:44:36,417 INFO supervisord started with pid 1
2021-07-20 21:44:37,421 INFO spawned: 'nginx' with pid 9
2021-07-20 21:44:37,427 INFO spawned: 'php-fpm' with pid 10
2021-07-20 21:44:38,509 INFO success: nginx entered RUNNING state, process has stayed up for > than 1 seconds (startsecs)
2021-07-20 21:44:38,511 INFO success: php-fpm entered RUNNING state, process has stayed up for > than 1 seconds (startsecs)
2021-07-20 21:52:06,843 WARN received SIGQUIT indicating exit request
2021-07-20 21:52:06,845 INFO waiting for nginx, php-fpm to die
2021-07-20 21:52:06,857 INFO stopped: php-fpm (exit status 0)
2021-07-20 21:52:06,861 INFO stopped: nginx (exit status 0)
2021-07-20 21:52:09,704 CRIT Supervisor is running as root.  Privileges were not dropped because no user is specified in the config file.  If you intend to run as root, you can set user=root in the config file to avoid this message.
2021-07-20 21:52:09,710 INFO supervisord started with pid 1
2021-07-20 21:52:10,714 INFO spawned: 'nginx' with pid 9
2021-07-20 21:52:10,719 INFO spawned: 'php-fpm' with pid 10
2021-07-20 21:52:11,758 INFO success: nginx entered RUNNING state, process has stayed up for > than 1 seconds (startsecs)
2021-07-20 21:52:11,760 INFO success: php-fpm entered RUNNING state, process has stayed up for > than 1 seconds (startsecs)
2021-07-20 21:54:29,236 WARN received SIGQUIT indicating exit request
2021-07-20 21:54:29,249 INFO waiting for nginx, php-fpm to die
2021-07-20 21:54:29,327 INFO stopped: php-fpm (exit status 0)
2021-07-20 21:54:29,332 INFO stopped: nginx (exit status 0)
2021-07-20 21:54:34,222 CRIT Supervisor is running as root.  Privileges were not dropped because no user is specified in the config file.  If you intend to run as root, you can set user=root in the config file to avoid this message.
2021-07-20 21:54:34,246 INFO supervisord started with pid 1
2021-07-20 21:54:35,251 INFO spawned: 'nginx' with pid 11
2021-07-20 21:54:35,258 INFO spawned: 'php-fpm' with pid 12
2021-07-20 21:54:36,369 INFO success: nginx entered RUNNING state, process has stayed up for > than 1 seconds (startsecs)
2021-07-20 21:54:36,371 INFO success: php-fpm entered RUNNING state, process has stayed up for > than 1 seconds (startsecs)
2021-07-20 23:00:39,947 WARN received SIGQUIT indicating exit request
2021-07-20 23:00:39,958 INFO waiting for nginx, php-fpm to die
2021-07-20 23:00:40,058 INFO stopped: php-fpm (exit status 0)
2021-07-20 23:00:40,062 INFO stopped: nginx (exit status 0)
2021-07-20 23:00:42,371 CRIT Supervisor is running as root.  Privileges were not dropped because no user is specified in the config file.  If you intend to run as root, you can set user=root in the config file to avoid this message.
2021-07-20 23:00:42,383 INFO supervisord started with pid 1
2021-07-20 23:00:43,386 INFO spawned: 'nginx' with pid 10
2021-07-20 23:00:43,389 INFO spawned: 'php-fpm' with pid 11
2021-07-20 23:00:44,460 INFO success: nginx entered RUNNING state, process has stayed up for > than 1 seconds (startsecs)
2021-07-20 23:00:44,461 INFO success: php-fpm entered RUNNING state, process has stayed up for > than 1 seconds (startsecs)
